

================================================================
== Vitis HLS Report for 'matrixmul'
================================================================
* Date:           Sun Mar 12 18:04:37 2023

* Version:        2022.1 (Build 3526262 on Mon Apr 18 15:47:01 MDT 2022)
* Project:        matrixmul_prj
* Solution:       solution1 (Vivado IP Flow Target)
* Product family: virtexuplus
* Target device:  xcu50-fsvh2104-2L-e


================================================================
== Performance Estimates
================================================================
+ Timing: 
    * Summary: 
    +--------+----------+----------+------------+
    |  Clock |  Target  | Estimated| Uncertainty|
    +--------+----------+----------+------------+
    |ap_clk  |  13.33 ns|  2.862 ns|     3.60 ns|
    +--------+----------+----------+------------+

+ Latency: 
    * Summary: 
    +---------+---------+----------+----------+-----+-----+---------+
    |  Latency (cycles) |  Latency (absolute) |  Interval | Pipeline|
    |   min   |   max   |    min   |    max   | min | max |   Type  |
    +---------+---------+----------+----------+-----+-----+---------+
    |       17|       17|  0.227 us|  0.227 us|   18|   18|       no|
    +---------+---------+----------+----------+-----+-----+---------+

    + Detail: 
        * Instance: 
        N/A

        * Loop: 
        +-----------+---------+---------+----------+-----------+-----------+------+----------+
        |           |  Latency (cycles) | Iteration|  Initiation Interval  | Trip |          |
        | Loop Name |   min   |   max   |  Latency |  achieved |   target  | Count| Pipelined|
        +-----------+---------+---------+----------+-----------+-----------+------+----------+
        |- Row_Col  |       15|       15|         8|          1|          1|     9|       yes|
        +-----------+---------+---------+----------+-----------+-----------+------+----------+



================================================================
== Utilization Estimates
================================================================
* Summary: 
+---------------------+---------+------+---------+--------+-----+
|         Name        | BRAM_18K|  DSP |    FF   |   LUT  | URAM|
+---------------------+---------+------+---------+--------+-----+
|DSP                  |        -|     2|        -|       -|    -|
|Expression           |        -|     -|        0|      87|    -|
|FIFO                 |        -|     -|        -|       -|    -|
|Instance             |        -|     0|        0|      40|    -|
|Memory               |        0|     -|       24|      27|    0|
|Multiplexer          |        -|     -|        -|      99|    -|
|Register             |        -|     -|      210|      64|    -|
+---------------------+---------+------+---------+--------+-----+
|Total                |        0|     2|      234|     317|    0|
+---------------------+---------+------+---------+--------+-----+
|Available SLR        |     1344|  2976|   871680|  435840|  320|
+---------------------+---------+------+---------+--------+-----+
|Utilization SLR (%)  |        0|    ~0|       ~0|      ~0|    0|
+---------------------+---------+------+---------+--------+-----+
|Available            |     2688|  5952|  1743360|  871680|  640|
+---------------------+---------+------+---------+--------+-----+
|Utilization (%)      |        0|    ~0|       ~0|      ~0|    0|
+---------------------+---------+------+---------+--------+-----+

+ Detail: 
    * Instance: 
    +---------------------+------------------+---------+----+---+----+-----+
    |       Instance      |      Module      | BRAM_18K| DSP| FF| LUT| URAM|
    +---------------------+------------------+---------+----+---+----+-----+
    |mul_8s_8s_16_1_1_U1  |mul_8s_8s_16_1_1  |        0|   0|  0|  40|    0|
    +---------------------+------------------+---------+----+---+----+-----+
    |Total                |                  |        0|   0|  0|  40|    0|
    +---------------------+------------------+---------+----+---+----+-----+

    * DSP: 
    +---------------------------------+------------------------------+--------------+
    |             Instance            |            Module            |  Expression  |
    +---------------------------------+------------------------------+--------------+
    |mac_muladd_8s_8s_16ns_16_4_1_U3  |mac_muladd_8s_8s_16ns_16_4_1  |  i0 + i1 * i2|
    |mac_muladd_8s_8s_16s_16_4_1_U2   |mac_muladd_8s_8s_16s_16_4_1   |  i0 + i1 * i2|
    +---------------------------------+------------------------------+--------------+

    * Memory: 
    +------------+----------------------+---------+---+----+-----+------+-----+------+-------------+
    |   Memory   |        Module        | BRAM_18K| FF| LUT| URAM| Words| Bits| Banks| W*Bits*Banks|
    +------------+----------------------+---------+---+----+-----+------+-----+------+-------------+
    |b_copy_U    |b_copy_RAM_AUTO_1R1W  |        0|  8|   9|    0|     3|    8|     1|           24|
    |b_copy_1_U  |b_copy_RAM_AUTO_1R1W  |        0|  8|   9|    0|     3|    8|     1|           24|
    |b_copy_2_U  |b_copy_RAM_AUTO_1R1W  |        0|  8|   9|    0|     3|    8|     1|           24|
    +------------+----------------------+---------+---+----+-----+------+-----+------+-------------+
    |Total       |                      |        0| 24|  27|    0|     9|   24|     3|           72|
    +------------+----------------------+---------+---+----+-----+------+-----+------+-------------+

    * FIFO: 
    N/A

    * Expression: 
    +----------------------------------+----------+----+---+----+------------+------------+
    |           Variable Name          | Operation| DSP| FF| LUT| Bitwidth P0| Bitwidth P1|
    +----------------------------------+----------+----+---+----+------------+------------+
    |add_ln63_1_fu_219_p2              |         +|   0|  0|   9|           2|           1|
    |add_ln63_fu_193_p2                |         +|   0|  0|  12|           4|           1|
    |add_ln65_fu_259_p2                |         +|   0|  0|   9|           2|           1|
    |ap_block_state2_pp0_stage0_iter1  |       and|   0|  0|   2|           1|           1|
    |ap_block_state3_pp0_stage0_iter2  |       and|   0|  0|   2|           1|           1|
    |ap_condition_221                  |       and|   0|  0|   2|           1|           1|
    |cmp144_fu_231_p2                  |      icmp|   0|  0|   8|           2|           1|
    |cmp14_mid1_fu_225_p2              |      icmp|   0|  0|   8|           2|           1|
    |icmp_ln63_fu_187_p2               |      icmp|   0|  0|   9|           4|           4|
    |icmp_ln65_fu_205_p2               |      icmp|   0|  0|   8|           2|           2|
    |icmp_ln70_fu_253_p2               |      icmp|   0|  0|   8|           2|           1|
    |ap_block_pp0_stage0_01001         |        or|   0|  0|   2|           1|           1|
    |select_ln58_1_fu_237_p3           |    select|   0|  0|   2|           1|           1|
    |select_ln58_fu_211_p3             |    select|   0|  0|   2|           1|           1|
    |select_ln63_fu_245_p3             |    select|   0|  0|   2|           1|           2|
    |ap_enable_pp0                     |       xor|   0|  0|   2|           1|           2|
    +----------------------------------+----------+----+---+----+------------+------------+
    |Total                             |          |   0|  0|  87|          28|          22|
    +----------------------------------+----------+----+---+----+------------+------------+

    * Multiplexer: 
    +--------------------------------------+----+-----------+-----+-----------+
    |                 Name                 | LUT| Input Size| Bits| Total Bits|
    +--------------------------------------+----+-----------+-----+-----------+
    |a_blk_n                               |   9|          2|    1|          2|
    |ap_done_int                           |   9|          2|    1|          2|
    |ap_enable_reg_pp0_iter1               |   9|          2|    1|          2|
    |ap_sig_allocacmp_i_load               |   9|          2|    2|          4|
    |ap_sig_allocacmp_indvar_flatten_load  |   9|          2|    4|          8|
    |ap_sig_allocacmp_j_load               |   9|          2|    2|          4|
    |b_blk_n                               |   9|          2|    1|          2|
    |i_fu_70                               |   9|          2|    2|          4|
    |indvar_flatten_fu_74                  |   9|          2|    4|          8|
    |j_fu_66                               |   9|          2|    2|          4|
    |res_blk_n                             |   9|          2|    1|          2|
    +--------------------------------------+----+-----------+-----+-----------+
    |Total                                 |  99|         22|   21|         42|
    +--------------------------------------+----+-----------+-----+-----------+

    * Register: 
    +----------------------------------+----+----+-----+-----------+
    |               Name               | FF | LUT| Bits| Const Bits|
    +----------------------------------+----+----+-----+-----------+
    |a_row_1_fu_82                     |   8|   0|    8|          0|
    |a_row_1_load_reg_482              |   8|   0|    8|          0|
    |a_row_2_fu_86                     |   8|   0|    8|          0|
    |a_row_fu_78                       |   8|   0|    8|          0|
    |a_row_load_reg_477                |   8|   0|    8|          0|
    |a_row_load_reg_477_pp0_iter4_reg  |   8|   0|    8|          0|
    |ap_CS_fsm                         |   1|   0|    1|          0|
    |ap_done_reg                       |   1|   0|    1|          0|
    |ap_enable_reg_pp0_iter1           |   1|   0|    1|          0|
    |ap_enable_reg_pp0_iter2           |   1|   0|    1|          0|
    |ap_enable_reg_pp0_iter3           |   1|   0|    1|          0|
    |ap_enable_reg_pp0_iter4           |   1|   0|    1|          0|
    |ap_enable_reg_pp0_iter5           |   1|   0|    1|          0|
    |ap_enable_reg_pp0_iter6           |   1|   0|    1|          0|
    |ap_enable_reg_pp0_iter7           |   1|   0|    1|          0|
    |ap_loop_exit_ready_pp0_iter1_reg  |   1|   0|    1|          0|
    |ap_loop_exit_ready_pp0_iter2_reg  |   1|   0|    1|          0|
    |ap_loop_exit_ready_pp0_iter3_reg  |   1|   0|    1|          0|
    |ap_loop_exit_ready_pp0_iter4_reg  |   1|   0|    1|          0|
    |ap_loop_exit_ready_pp0_iter5_reg  |   1|   0|    1|          0|
    |ap_loop_exit_ready_pp0_iter6_reg  |   1|   0|    1|          0|
    |b_copy_1_addr_reg_467             |   2|   0|    2|          0|
    |b_copy_2_addr_reg_472             |   2|   0|    2|          0|
    |b_copy_addr_reg_462               |   2|   0|    2|          0|
    |i_fu_70                           |   2|   0|    2|          0|
    |icmp_ln70_reg_458                 |   1|   0|    1|          0|
    |icmp_ln70_reg_458_pp0_iter1_reg   |   1|   0|    1|          0|
    |indvar_flatten_fu_74              |   4|   0|    4|          0|
    |j_fu_66                           |   2|   0|    2|          0|
    |select_ln58_1_reg_454             |   1|   0|    1|          0|
    |select_ln58_reg_449               |   2|   0|    2|          0|
    |b_copy_1_addr_reg_467             |  64|  32|    2|          0|
    |b_copy_addr_reg_462               |  64|  32|    2|          0|
    +----------------------------------+----+----+-----+-----------+
    |Total                             | 210|  64|   86|          0|
    +----------------------------------+----+----+-----+-----------+



================================================================
== Interface
================================================================
* Summary: 
+------------+-----+-----+------------+--------------+--------------+
|  RTL Ports | Dir | Bits|  Protocol  | Source Object|    C Type    |
+------------+-----+-----+------------+--------------+--------------+
|ap_clk      |   in|    1|  ap_ctrl_hs|     matrixmul|  return value|
|ap_rst      |   in|    1|  ap_ctrl_hs|     matrixmul|  return value|
|ap_start    |   in|    1|  ap_ctrl_hs|     matrixmul|  return value|
|ap_done     |  out|    1|  ap_ctrl_hs|     matrixmul|  return value|
|ap_idle     |  out|    1|  ap_ctrl_hs|     matrixmul|  return value|
|ap_ready    |  out|    1|  ap_ctrl_hs|     matrixmul|  return value|
|b_dout      |   in|   24|     ap_fifo|             b|       pointer|
|b_empty_n   |   in|    1|     ap_fifo|             b|       pointer|
|b_read      |  out|    1|     ap_fifo|             b|       pointer|
|a_dout      |   in|   24|     ap_fifo|             a|       pointer|
|a_empty_n   |   in|    1|     ap_fifo|             a|       pointer|
|a_read      |  out|    1|     ap_fifo|             a|       pointer|
|res_din     |  out|   16|     ap_fifo|           res|       pointer|
|res_full_n  |   in|    1|     ap_fifo|           res|       pointer|
|res_write   |  out|    1|     ap_fifo|           res|       pointer|
+------------+-----+-----+------------+--------------+--------------+

