

================================================================
== Synthesis Summary Report of 'matrixmul'
================================================================
+ General Information: 
    * Date:           Sun Mar 12 17:47:40 2023
    * Version:        2022.1 (Build 3526262 on Mon Apr 18 15:47:01 MDT 2022)
    * Project:        matrixmul_prj
    * Solution:       solution4 (Vivado IP Flow Target)
    * Product family: virtexuplus
    * Target device:  xcu50-fsvh2104-2L-e
    

+ Performance & Resource Estimates: 
    
    PS: '+' for module; 'o' for loop; '*' for dataflow
    +-------------+------+------+---------+---------+----------+---------+------+----------+------+---------+-----------+-----------+-----+
    |   Modules   | Issue|      | Latency | Latency | Iteration|         | Trip |          |      |         |           |           |     |
    |   & Loops   | Type | Slack| (cycles)|   (ns)  |  Latency | Interval| Count| Pipelined| BRAM |   DSP   |     FF    |    LUT    | URAM|
    +-------------+------+------+---------+---------+----------+---------+------+----------+------+---------+-----------+-----------+-----+
    |+ matrixmul  |     -|  7.54|       15|  199.995|         -|       16|     -|        no|     -|  2 (~0%)|  204 (~0%)|  269 (~0%)|    -|
    | o Row_Col   |     -|  9.73|       13|  173.329|         6|        1|     9|       yes|     -|        -|          -|          -|    -|
    +-------------+------+------+---------+---------+----------+---------+------+----------+------+---------+-----------+-----------+-----+


================================================================
== HW Interfaces
================================================================
* AP_MEMORY
+--------------+----------+
| Interface    | Bitwidth |
+--------------+----------+
| a_address0   | 2        |
| a_address1   | 2        |
| a_q0         | 24       |
| a_q1         | 24       |
| b_address0   | 2        |
| b_q0         | 24       |
| res_address0 | 4        |
| res_d0       | 16       |
+--------------+----------+

* TOP LEVEL CONTROL
+-----------+------------+-----------------------------------+
| Interface | Type       | Ports                             |
+-----------+------------+-----------------------------------+
| ap_clk    | clock      | ap_clk                            |
| ap_rst    | reset      | ap_rst                            |
| ap_ctrl   | ap_ctrl_hs | ap_done ap_idle ap_ready ap_start |
+-----------+------------+-----------------------------------+


================================================================
== SW I/O Information
================================================================
* Top Function Arguments
+----------+-----------+----------+
| Argument | Direction | Datatype |
+----------+-----------+----------+
| a        | in        | char*    |
| b        | in        | char*    |
| res      | out       | short*   |
+----------+-----------+----------+

* SW-to-HW Mapping
+----------+--------------+---------+----------+
| Argument | HW Interface | HW Type | HW Usage |
+----------+--------------+---------+----------+
| a        | a_address0   | port    | offset   |
| a        | a_ce0        | port    |          |
| a        | a_q0         | port    |          |
| a        | a_address1   | port    | offset   |
| a        | a_ce1        | port    |          |
| a        | a_q1         | port    |          |
| b        | b_address0   | port    | offset   |
| b        | b_ce0        | port    |          |
| b        | b_q0         | port    |          |
| res      | res_address0 | port    | offset   |
| res      | res_ce0      | port    |          |
| res      | res_we0      | port    |          |
| res      | res_d0       | port    |          |
+----------+--------------+---------+----------+


================================================================
== Bind Op Report
================================================================
+-----------------------------------+-----+--------+------------+-----+--------+---------+
| Name                              | DSP | Pragma | Variable   | Op  | Impl   | Latency |
+-----------------------------------+-----+--------+------------+-----+--------+---------+
| + matrixmul                       | 2   |        |            |     |        |         |
|   add_ln54_1_fu_157_p2            | -   |        | add_ln54_1 | add | fabric | 0       |
|   add_ln54_fu_166_p2              | -   |        | add_ln54   | add | fabric | 0       |
|   mul_8s_8s_16_1_1_U1             | -   |        | mul_ln61   | mul | auto   | 0       |
|   mac_muladd_8s_8s_16ns_16_4_1_U3 | 1   |        | mul_ln61_1 | mul | dsp48  | 3       |
|   mac_muladd_8s_8s_16s_16_4_1_U2  | 1   |        | mul_ln61_2 | mul | dsp48  | 3       |
|   mac_muladd_8s_8s_16s_16_4_1_U2  | 1   |        | add_ln61   | add | dsp48  | 3       |
|   mac_muladd_8s_8s_16ns_16_4_1_U3 | 1   |        | add_ln61_1 | add | dsp48  | 3       |
|   add_ln56_fu_204_p2              | -   |        | add_ln56   | add | fabric | 0       |
+-----------------------------------+-----+--------+------------+-----+--------+---------+


================================================================
== Bind Storage Report
================================================================
  No bind storage info in design

================================================================
== Pragma Report
================================================================
* Valid Pragma Syntax
+---------------+---------------------------+----------------------------------------------------------+
| Type          | Options                   | Location                                                 |
+---------------+---------------------------+----------------------------------------------------------+
| array_reshape | variable=a complete dim=2 | matrixmul_prj/solution4/directives.tcl:8 in matrixmul, a |
| array_reshape | variable=b complete dim=1 | matrixmul_prj/solution4/directives.tcl:9 in matrixmul, b |
| pipeline      |                           | matrixmul_prj/solution4/directives.tcl:7 in matrixmul    |
+---------------+---------------------------+----------------------------------------------------------+


