

================================================================
== Vitis HLS Report for 'matrixmul'
================================================================
* Date:           Sun Mar 12 17:33:46 2023

* Version:        2022.1 (Build 3526262 on Mon Apr 18 15:47:01 MDT 2022)
* Project:        matrixmul_prj
* Solution:       solution5 (Vivado IP Flow Target)
* Product family: virtexuplus
* Target device:  xcu50-fsvh2104-2L-e


================================================================
== Performance Estimates
================================================================
+ Timing: 
    * Summary: 
    +--------+----------+----------+------------+
    |  Clock |  Target  | Estimated| Uncertainty|
    +--------+----------+----------+------------+
    |ap_clk  |  13.33 ns|  2.424 ns|     3.60 ns|
    +--------+----------+----------+------------+

+ Latency: 
    * Summary: 
    +---------+---------+----------+----------+-----+-----+---------+
    |  Latency (cycles) |  Latency (absolute) |  Interval | Pipeline|
    |   min   |   max   |    min   |    max   | min | max |   Type  |
    +---------+---------+----------+----------+-----+-----+---------+
    |       37|       37|  0.493 us|  0.493 us|   38|   38|       no|
    +---------+---------+----------+----------+-----+-----+---------+

    + Detail: 
        * Instance: 
        N/A

        * Loop: 
        +----------+---------+---------+----------+-----------+-----------+------+----------+
        |          |  Latency (cycles) | Iteration|  Initiation Interval  | Trip |          |
        | Loop Name|   min   |   max   |  Latency |  achieved |   target  | Count| Pipelined|
        +----------+---------+---------+----------+-----------+-----------+------+----------+
        |- Row     |       36|       36|        12|          -|          -|     3|        no|
        +----------+---------+---------+----------+-----------+-----------+------+----------+

============================================================
+ Verbose Summary: Synthesis Manager
============================================================
InlineROM: 1
ExposeGlobal: 0
============================================================
+ Verbose Summary: CDFG Model
============================================================
IsTopModel: 1
ResetActiveHigh: 1
IsCombinational: 0
IsDatapathOnly: 0
HasWiredReturn: 1
HasMFsm: 0
HasVarLatency: 1
IsPipeline: 0
IsRtlPipelined: 0
IsInstanceOverlapped: 0
IsDontTouch: 0
HasImplIP: 0
IsGatedGlobalClock: 0


============================================================
+ Verbose Summary: Schedule
============================================================
* Number of FSM states : 4
* Pipeline : 0
* Dataflow Pipeline: 0

* FSM state transitions: 
1 --> 2 
2 --> 3 
3 --> 4 
4 --> 2 

* FSM state operations: 

State 1 <SV = 0> <Delay = 0.38>
ST_1 : Operation 5 [1/1] (0.00ns)   --->   "%i = alloca i32 1"   --->   Operation 5 'alloca' 'i' <Predicate = true> <Delay = 0.00>
ST_1 : Operation 6 [1/1] (0.00ns)   --->   "%spectopmodule_ln0 = spectopmodule void @_ssdm_op_SpecTopModule, void @empty_1"   --->   Operation 6 'spectopmodule' 'spectopmodule_ln0' <Predicate = true> <Delay = 0.00>
ST_1 : Operation 7 [1/1] (0.00ns)   --->   "%specinterface_ln0 = specinterface void @_ssdm_op_SpecInterface, i24 %a, void @empty_0, i32 0, i32 0, void @empty, i32 0, i32 0, void @empty, void @empty, void @empty, i32 0, i32 0, i32 0, i32 0, void @empty, void @empty, i32 4294967295, i32 0"   --->   Operation 7 'specinterface' 'specinterface_ln0' <Predicate = true> <Delay = 0.00>
ST_1 : Operation 8 [1/1] (0.00ns)   --->   "%specbitsmap_ln0 = specbitsmap void @_ssdm_op_SpecBitsMap, i24 %a"   --->   Operation 8 'specbitsmap' 'specbitsmap_ln0' <Predicate = true> <Delay = 0.00>
ST_1 : Operation 9 [1/1] (0.00ns)   --->   "%specinterface_ln0 = specinterface void @_ssdm_op_SpecInterface, i24 %b, void @empty_0, i32 0, i32 0, void @empty, i32 0, i32 0, void @empty, void @empty, void @empty, i32 0, i32 0, i32 0, i32 0, void @empty, void @empty, i32 4294967295, i32 0"   --->   Operation 9 'specinterface' 'specinterface_ln0' <Predicate = true> <Delay = 0.00>
ST_1 : Operation 10 [1/1] (0.00ns)   --->   "%specbitsmap_ln0 = specbitsmap void @_ssdm_op_SpecBitsMap, i24 %b"   --->   Operation 10 'specbitsmap' 'specbitsmap_ln0' <Predicate = true> <Delay = 0.00>
ST_1 : Operation 11 [1/1] (0.00ns)   --->   "%specinterface_ln0 = specinterface void @_ssdm_op_SpecInterface, i16 %res, void @empty_0, i32 0, i32 0, void @empty, i32 0, i32 0, void @empty, void @empty, void @empty, i32 0, i32 0, i32 0, i32 0, void @empty, void @empty, i32 4294967295, i32 0"   --->   Operation 11 'specinterface' 'specinterface_ln0' <Predicate = true> <Delay = 0.00>
ST_1 : Operation 12 [1/1] (0.00ns)   --->   "%specbitsmap_ln0 = specbitsmap void @_ssdm_op_SpecBitsMap, i16 %res"   --->   Operation 12 'specbitsmap' 'specbitsmap_ln0' <Predicate = true> <Delay = 0.00>
ST_1 : Operation 13 [1/1] (0.38ns)   --->   "%store_ln54 = store i2 0, i2 %i" [matrixmul.cpp:54]   --->   Operation 13 'store' 'store_ln54' <Predicate = true> <Delay = 0.38>
ST_1 : Operation 14 [1/1] (0.00ns)   --->   "%br_ln54 = br void %Col" [matrixmul.cpp:54]   --->   Operation 14 'br' 'br_ln54' <Predicate = true> <Delay = 0.00>

State 2 <SV = 1> <Delay = 1.77>
ST_2 : Operation 15 [1/1] (0.00ns)   --->   "%i_1 = load i2 %i" [matrixmul.cpp:54]   --->   Operation 15 'load' 'i_1' <Predicate = true> <Delay = 0.00>
ST_2 : Operation 16 [1/1] (0.34ns)   --->   "%icmp_ln54 = icmp_eq  i2 %i_1, i2 3" [matrixmul.cpp:54]   --->   Operation 16 'icmp' 'icmp_ln54' <Predicate = true> <Delay = 0.34> <CoreInst = "Cmp">   --->   Core 9 'Cmp' <Latency = 0> <II = 1> <Delay = 0.34> <FuncUnit> <Opcode : 'icmp'> <InPorts = 2> <OutPorts = 1>
ST_2 : Operation 17 [1/1] (0.00ns)   --->   "%empty = speclooptripcount i32 @_ssdm_op_SpecLoopTripCount, i64 3, i64 3, i64 3"   --->   Operation 17 'speclooptripcount' 'empty' <Predicate = true> <Delay = 0.00>
ST_2 : Operation 18 [1/1] (0.43ns)   --->   "%add_ln54 = add i2 %i_1, i2 1" [matrixmul.cpp:54]   --->   Operation 18 'add' 'add_ln54' <Predicate = true> <Delay = 0.43> <CoreInst = "Adder">   --->   Core 1 'Adder' <Latency = 0> <II = 1> <Delay = 0.43> <FuncUnit> <Opcode : 'add' 'sub'> <InPorts = 2> <OutPorts = 1>
ST_2 : Operation 19 [1/1] (0.00ns)   --->   "%br_ln54 = br i1 %icmp_ln54, void %Col.split, void %for.end31" [matrixmul.cpp:54]   --->   Operation 19 'br' 'br_ln54' <Predicate = true> <Delay = 0.00>
ST_2 : Operation 20 [1/1] (1.42ns)   --->   "%a_read = read i24 @_ssdm_op_Read.ap_fifo.volatile.i24P0A, i24 %a"   --->   Operation 20 'read' 'a_read' <Predicate = (!icmp_ln54)> <Delay = 1.42> <CoreInst = "FIFO">   --->   Core 78 'FIFO' <Latency = 0> <II = 1> <Delay = 1.42> <Storage> <Opcode : 'read' 'write' 'nbread' 'nbwrite'> <Ports = 0> <Width = -1> <Depth = -1> <FIFO>
ST_2 : Operation 21 [1/1] (0.00ns)   --->   "%empty_10 = trunc i24 %a_read"   --->   Operation 21 'trunc' 'empty_10' <Predicate = (!icmp_ln54)> <Delay = 0.00>
ST_2 : Operation 22 [1/1] (0.00ns)   --->   "%tmp1 = partselect i8 @_ssdm_op_PartSelect.i8.i24.i32.i32, i24 %a_read, i32 8, i32 15"   --->   Operation 22 'partselect' 'tmp1' <Predicate = (!icmp_ln54)> <Delay = 0.00>
ST_2 : Operation 23 [1/1] (0.00ns)   --->   "%tmp_s = partselect i8 @_ssdm_op_PartSelect.i8.i24.i32.i32, i24 %a_read, i32 16, i32 23"   --->   Operation 23 'partselect' 'tmp_s' <Predicate = (!icmp_ln54)> <Delay = 0.00>
ST_2 : Operation 24 [1/1] (0.38ns)   --->   "%store_ln54 = store i2 %add_ln54, i2 %i" [matrixmul.cpp:54]   --->   Operation 24 'store' 'store_ln54' <Predicate = (!icmp_ln54)> <Delay = 0.38>
ST_2 : Operation 25 [1/1] (0.00ns)   --->   "%ret_ln66 = ret" [matrixmul.cpp:66]   --->   Operation 25 'ret' 'ret_ln66' <Predicate = (icmp_ln54)> <Delay = 0.00>

State 3 <SV = 2> <Delay = 0.00>
ST_3 : Operation 26 [1/1] (0.00ns)   --->   "%empty_11 = wait i32 @_ssdm_op_Wait"   --->   Operation 26 'wait' 'empty_11' <Predicate = true> <Delay = 0.00>
ST_3 : Operation 27 [2/2] (0.00ns)   --->   "%call_ln0 = call void @matrixmul_Pipeline_Col, i24 %b, i8 %empty_10, i8 %tmp1, i8 %tmp_s, i16 %res"   --->   Operation 27 'call' 'call_ln0' <Predicate = true> <Delay = 0.00> <CoreType = "Generic">   --->   Core 0 '' <Latency = 0> <II = 1> <Delay = 1.00> <Generic> <Opcode : >

State 4 <SV = 3> <Delay = 0.00>
ST_4 : Operation 28 [1/1] (0.00ns)   --->   "%specloopname_ln54 = specloopname void @_ssdm_op_SpecLoopName, void @empty_3" [matrixmul.cpp:54]   --->   Operation 28 'specloopname' 'specloopname_ln54' <Predicate = true> <Delay = 0.00>
ST_4 : Operation 29 [1/2] (0.00ns)   --->   "%call_ln0 = call void @matrixmul_Pipeline_Col, i24 %b, i8 %empty_10, i8 %tmp1, i8 %tmp_s, i16 %res"   --->   Operation 29 'call' 'call_ln0' <Predicate = true> <Delay = 0.00> <CoreType = "Generic">   --->   Core 0 '' <Latency = 0> <II = 1> <Delay = 1.00> <Generic> <Opcode : >
ST_4 : Operation 30 [1/1] (0.00ns)   --->   "%br_ln54 = br void %Col" [matrixmul.cpp:54]   --->   Operation 30 'br' 'br_ln54' <Predicate = true> <Delay = 0.00>


============================================================
+ Verbose Summary: Timing violations
============================================================
Target clock period: 13.3ns, clock uncertainty: 3.6ns.

 <State 1>: 0.387ns
The critical path consists of the following:
	'alloca' operation ('i') [4]  (0 ns)
	'store' operation ('store_ln54', matrixmul.cpp:54) of constant 0 on local variable 'i' [12]  (0.387 ns)

 <State 2>: 1.77ns
The critical path consists of the following:
	fifo read operation ('a_read') on port 'a' [22]  (1.43 ns)
	blocking operation 0.343 ns on control path)

 <State 3>: 0ns
The critical path consists of the following:

 <State 4>: 0ns
The critical path consists of the following:


============================================================
+ Verbose Summary: Binding
============================================================
N/A
* FSMD analyzer results:
  - Output states:
 - Input state : 
  - Chain level:
	State 1
	State 2
	State 3
	State 4


============================================================
+ Verbose Summary: Datapath Resource usage 
============================================================
N/A
