INFO: [HLS 200-10] Running '/opt/Xilinx/Vitis_HLS/2022.1/bin/unwrapped/lnx64.o/vitis_hls'
INFO: [HLS 200-10] For user '02.tObflU' on host 'HLS02' (Linux_x86_64 version 5.8.0-41-generic) on Sun Mar 12 17:56:08 CST 2023
INFO: [HLS 200-10] On os Ubuntu 20.04.4 LTS
INFO: [HLS 200-10] In directory '/mnt/HLSNAS/02.tObflU/LabA/Design_Optimization/lab1'
Sourcing Tcl script '/mnt/HLSNAS/02.tObflU/LabA/Design_Optimization/lab1/matrixmul_prj/solution3/csynth.tcl'
INFO: [HLS 200-1510] Running: source /mnt/HLSNAS/02.tObflU/LabA/Design_Optimization/lab1/matrixmul_prj/solution3/csynth.tcl
INFO: [HLS 200-1510] Running: open_project matrixmul_prj 
INFO: [HLS 200-10] Opening project '/mnt/HLSNAS/02.tObflU/LabA/Design_Optimization/lab1/matrixmul_prj'.
INFO: [HLS 200-1510] Running: set_top matrixmul 
INFO: [HLS 200-1510] Running: add_files matrixmul.h 
INFO: [HLS 200-10] Adding design file 'matrixmul.h' to the project
INFO: [HLS 200-1510] Running: add_files matrixmul.cpp 
INFO: [HLS 200-10] Adding design file 'matrixmul.cpp' to the project
INFO: [HLS 200-1510] Running: add_files -tb matrixmul_test.cpp -cflags -Wno-unknown-pragmas -csimflags -Wno-unknown-pragmas 
INFO: [HLS 200-10] Adding test bench file 'matrixmul_test.cpp' to the project
INFO: [HLS 200-1510] Running: open_solution solution3 -flow_target vivado 
INFO: [HLS 200-10] Opening solution '/mnt/HLSNAS/02.tObflU/LabA/Design_Optimization/lab1/matrixmul_prj/solution3'.
INFO: [SYN 201-201] Setting up clock 'default' with a period of 13.333ns.
INFO: [HLS 200-1611] Setting target device to 'xcu50-fsvh2104-2L-e'
INFO: [HLS 200-1505] Using flow_target 'vivado'
Resolution: For help on HLS 200-1505 see www.xilinx.com/cgi-bin/docs/rdoc?v=2022.1;t=hls+guidance;d=200-1505.html
INFO: [HLS 200-435] Setting 'open_solution -flow_target vivado' configuration: config_interface -m_axi_latency=0
INFO: [HLS 200-435] Setting 'open_solution -flow_target vivado' configuration: config_interface -m_axi_alignment_byte_size=0
INFO: [HLS 200-435] Setting 'open_solution -flow_target vivado' configuration: config_interface -m_axi_max_widen_bitwidth=0
INFO: [HLS 200-435] Setting 'open_solution -flow_target vivado' configuration: config_rtl -register_reset_num=0
INFO: [HLS 200-1464] Running solution command: config_interface -default_interface=kernel
INFO: [HLS 200-1464] Running solution command: config_interface -m_axi_alignment_byte_size=64
INFO: [HLS 200-1464] Running solution command: config_interface -m_axi_latency=64
INFO: [HLS 200-1464] Running solution command: config_interface -m_axi_max_widen_bitwidth=512
INFO: [HLS 200-1464] Running solution command: config_rtl -register_reset_num=3
INFO: [HLS 200-1510] Running: set_part xcu50-fsvh2104-2L-e 
INFO: [HLS 200-1510] Running: create_clock -period 75MHz -name default 
INFO: [HLS 200-1510] Running: config_interface -m_axi_alignment_byte_size 64 -m_axi_latency 64 -m_axi_max_widen_bitwidth 512 
INFO: [HLS 200-1510] Running: config_rtl -register_reset_num 3 
INFO: [HLS 200-1510] Running: source ./matrixmul_prj/solution3/directives.tcl
INFO: [HLS 200-1510] Running: set_directive_top -name matrixmul matrixmul 
INFO: [HLS 200-1510] Running: csynth_design 
INFO: [HLS 200-111] Finished File checks and directory preparation: CPU user time: 0 seconds. CPU system time: 0 seconds. Elapsed time: 0.01 seconds; current allocated memory: 1.462 GB.
INFO: [HLS 200-10] Analyzing design file 'matrixmul.cpp' ... 
INFO: [HLS 200-111] Finished Source Code Analysis and Preprocessing: CPU user time: 0.63 seconds. CPU system time: 0.21 seconds. Elapsed time: 0.45 seconds; current allocated memory: 1.462 GB.
INFO: [HLS 200-777] Using interface defaults for 'Vivado' flow target.
INFO: [HLS 200-111] Finished Compiling Optimization and Transform: CPU user time: 1.83 seconds. CPU system time: 0.21 seconds. Elapsed time: 2.22 seconds; current allocated memory: 463.016 MB.
INFO: [HLS 200-111] Finished Checking Pragmas: CPU user time: 0 seconds. CPU system time: 0 seconds. Elapsed time: 0 seconds; current allocated memory: 463.016 MB.
INFO: [HLS 200-10] Starting code transformations ...
INFO: [HLS 200-111] Finished Standard Transforms: CPU user time: 0 seconds. CPU system time: 0 seconds. Elapsed time: 0.01 seconds; current allocated memory: 463.211 MB.
INFO: [HLS 200-10] Checking synthesizability ...
INFO: [HLS 200-111] Finished Checking Synthesizability: CPU user time: 0 seconds. CPU system time: 0.01 seconds. Elapsed time: 0.01 seconds; current allocated memory: 463.305 MB.
INFO: [XFORM 203-510] Pipelining loop 'Col' (matrixmul.cpp:56) in function 'matrixmul' automatically.
INFO: [XFORM 203-502] Unrolling all sub-loops inside loop 'Col' (matrixmul.cpp:56) in function 'matrixmul' for pipelining.
INFO: [HLS 200-489] Unrolling loop 'Product' (matrixmul.cpp:60) in function 'matrixmul' completely with a factor of 3.
INFO: [HLS 200-111] Finished Loop, function and other optimizations: CPU user time: 0.02 seconds. CPU system time: 0 seconds. Elapsed time: 0.03 seconds; current allocated memory: 484.707 MB.
INFO: [XFORM 203-541] Flattening a loop nest 'Row' (matrixmul.cpp:54:17) in function 'matrixmul'.
INFO: [HLS 200-111] Finished Architecture Synthesis: CPU user time: 0.01 seconds. CPU system time: 0 seconds. Elapsed time: 0.02 seconds; current allocated memory: 484.707 MB.
INFO: [HLS 200-10] Starting hardware synthesis ...
INFO: [HLS 200-10] Synthesizing 'matrixmul' ...
INFO: [HLS 200-10] ----------------------------------------------------------------
INFO: [HLS 200-42] -- Implementing module 'matrixmul' 
INFO: [HLS 200-10] ----------------------------------------------------------------
INFO: [SCHED 204-11] Starting scheduling ...
INFO: [HLS 200-486] Changing DSP latency (root=mul_ln61_1) to 3 in order to utilize available DSP registers.
INFO: [HLS 200-486] Changing DSP latency (root=mul_ln61_2) to 3 in order to utilize available DSP registers.
INFO: [SCHED 204-61] Pipelining loop 'Row_Col'.
WARNING: [HLS 200-885] The II Violation in module 'matrixmul' (loop 'Row_Col'): Unable to schedule 'load' operation ('a_load_1', matrixmul.cpp:54) on array 'a' due to limited memory ports (II = 1). Please consider using a memory core with more ports or partitioning the array 'a'.
Resolution: For help on HLS 200-885 see www.xilinx.com/cgi-bin/docs/rdoc?v=2022.1;t=hls+guidance;d=200-885.html
INFO: [HLS 200-1470] Pipelining result : Target II = NA, Final II = 2, Depth = 6, loop 'Row_Col'
INFO: [SCHED 204-11] Finished scheduling.
INFO: [HLS 200-111] Finished Scheduling: CPU user time: 0.05 seconds. CPU system time: 0.02 seconds. Elapsed time: 0.1 seconds; current allocated memory: 484.707 MB.
INFO: [BIND 205-100] Starting micro-architecture generation ...
INFO: [BIND 205-101] Performing variable lifetime analysis.
INFO: [BIND 205-101] Exploring resource sharing.
INFO: [BIND 205-101] Binding ...
INFO: [BIND 205-100] Finished micro-architecture generation.
INFO: [HLS 200-111] Finished Binding: CPU user time: 0.05 seconds. CPU system time: 0 seconds. Elapsed time: 0.07 seconds; current allocated memory: 484.707 MB.
INFO: [HLS 200-10] ----------------------------------------------------------------
INFO: [HLS 200-10] -- Generating RTL for module 'matrixmul' 
INFO: [HLS 200-10] ----------------------------------------------------------------
INFO: [RTGEN 206-500] Setting interface mode on port 'matrixmul/a' to 'ap_memory'.
INFO: [RTGEN 206-500] Setting interface mode on port 'matrixmul/b' to 'ap_memory'.
INFO: [RTGEN 206-500] Setting interface mode on port 'matrixmul/res' to 'ap_memory'.
INFO: [RTGEN 206-500] Setting interface mode on function 'matrixmul' to 'ap_ctrl_hs'.
INFO: [HLS 200-1030] Apply Unified Pipeline Control on module 'matrixmul' pipeline 'Row_Col' pipeline type 'loop pipeline'
INFO: [RTGEN 206-100] Generating core module 'mac_muladd_8s_8s_16ns_16_4_1': 1 instance(s).
INFO: [RTGEN 206-100] Generating core module 'mac_muladd_8s_8s_16s_16_4_1': 1 instance(s).
INFO: [RTGEN 206-100] Generating core module 'mul_8s_8s_16_1_1': 1 instance(s).
INFO: [RTGEN 206-100] Finished creating RTL model for 'matrixmul'.
INFO: [HLS 200-111] Finished Creating RTL model: CPU user time: 0.06 seconds. CPU system time: 0 seconds. Elapsed time: 0.11 seconds; current allocated memory: 484.707 MB.
INFO: [HLS 200-111] Finished Generating all RTL models: CPU user time: 0.3 seconds. CPU system time: 0.02 seconds. Elapsed time: 0.55 seconds; current allocated memory: 484.707 MB.
INFO: [HLS 200-111] Finished Updating report files: CPU user time: 0.14 seconds. CPU system time: 0 seconds. Elapsed time: 0.18 seconds; current allocated memory: 488.129 MB.
INFO: [VHDL 208-304] Generating VHDL RTL for matrixmul.
INFO: [VLOG 209-307] Generating Verilog RTL for matrixmul.
INFO: [HLS 200-790] **** Loop Constraint Status: All loop constraints were NOT satisfied.
INFO: [HLS 200-789] **** Estimated Fmax: 348.43 MHz
INFO: [HLS 200-111] Finished Command csynth_design CPU user time: 3.11 seconds. CPU system time: 0.47 seconds. Elapsed time: 3.82 seconds; current allocated memory: -1008.441 MB.
INFO: [HLS 200-112] Total CPU user time: 4.93 seconds. Total CPU system time: 0.82 seconds. Total elapsed time: 5.2 seconds; peak allocated memory: 1.462 GB.
